[0m10:24:10.706097 [debug] [MainThread]: Sending event: {'category': 'dbt', 'action': 'invocation', 'label': 'start', 'context': [<snowplow_tracker.self_describing_json.SelfDescribingJson object at 0x00000283F63BBCD0>, <snowplow_tracker.self_describing_json.SelfDescribingJson object at 0x00000283F91C7310>, <snowplow_tracker.self_describing_json.SelfDescribingJson object at 0x00000283F91C75E0>]}


============================== 10:24:10.712097 | 8e55f42c-179d-4a8c-a7a9-9406fb387746 ==============================
[0m10:24:10.712097 [info ] [MainThread]: Running with dbt=1.6.1
[0m10:24:10.714099 [debug] [MainThread]: running dbt with arguments {'printer_width': '80', 'indirect_selection': 'eager', 'write_json': 'True', 'log_cache_events': 'False', 'partial_parse': 'True', 'cache_selected_only': 'False', 'profiles_dir': 'C:\\Users\\PC\\.dbt', 'debug': 'False', 'warn_error': 'None', 'log_path': 'logs', 'version_check': 'True', 'fail_fast': 'False', 'use_colors': 'True', 'use_experimental_parser': 'False', 'no_print': 'None', 'quiet': 'False', 'log_format': 'default', 'introspect': 'True', 'invocation_command': 'dbt init', 'warn_error_options': 'WarnErrorOptions(include=[], exclude=[])', 'target_path': 'None', 'static_parser': 'True', 'send_anonymous_usage_stats': 'True'}
[0m10:24:10.714099 [warn ] [MainThread]: [ConfigFolderDirectory]: Unable to parse dict {'dir': WindowsPath('C:/Users/PC/.dbt')}
[0m10:24:10.716099 [info ] [MainThread]: Creating dbt configuration folder at 
[0m10:27:12.688413 [debug] [MainThread]: Starter project path: C:\Users\PC\miniconda3\envs\myenv\lib\site-packages\dbt\include\starter_project
[0m10:27:12.715790 [info ] [MainThread]: 
Your new dbt project "test_dbt" was created!

For more information on how to configure the profiles.yml file,
please consult the dbt documentation here:

  https://docs.getdbt.com/docs/configure-your-profile

One more thing:

Need help? Don't hesitate to reach out to us via GitHub issues or on Slack:

  https://community.getdbt.com/

Happy modeling!

[0m10:27:12.720028 [info ] [MainThread]: Setting up your profile.
[0m10:27:21.292376 [info ] [MainThread]: Profile test_dbt written to C:\Users\PC\.dbt\profiles.yml using target's sample configuration. Once updated, you'll be able to start developing with dbt.
[0m10:27:21.294376 [debug] [MainThread]: Command `dbt init` succeeded at 10:27:21.294376 after 190.60 seconds
[0m10:27:21.294376 [debug] [MainThread]: Sending event: {'category': 'dbt', 'action': 'invocation', 'label': 'end', 'context': [<snowplow_tracker.self_describing_json.SelfDescribingJson object at 0x00000283F63BBCD0>, <snowplow_tracker.self_describing_json.SelfDescribingJson object at 0x00000283F91C7280>, <snowplow_tracker.self_describing_json.SelfDescribingJson object at 0x00000283F91C7550>]}
[0m10:27:21.295378 [debug] [MainThread]: Flushing usage events
[0m10:49:05.920940 [debug] [MainThread]: Sending event: {'category': 'dbt', 'action': 'invocation', 'label': 'start', 'context': [<snowplow_tracker.self_describing_json.SelfDescribingJson object at 0x000002D6C48E9790>, <snowplow_tracker.self_describing_json.SelfDescribingJson object at 0x000002D6C9168C10>, <snowplow_tracker.self_describing_json.SelfDescribingJson object at 0x000002D6C91689D0>]}


============================== 10:49:05.924939 | 9901ce99-c9cd-44d0-b44b-df52205e476e ==============================
[0m10:49:05.924939 [info ] [MainThread]: Running with dbt=1.6.1
[0m10:49:05.925897 [debug] [MainThread]: running dbt with arguments {'printer_width': '80', 'indirect_selection': 'eager', 'log_cache_events': 'False', 'write_json': 'True', 'partial_parse': 'True', 'cache_selected_only': 'False', 'profiles_dir': 'C:\\Users\\PC\\.dbt', 'fail_fast': 'False', 'warn_error': 'None', 'log_path': 'logs', 'debug': 'False', 'version_check': 'True', 'use_colors': 'True', 'use_experimental_parser': 'False', 'no_print': 'None', 'quiet': 'False', 'log_format': 'default', 'invocation_command': 'dbt debug', 'warn_error_options': 'WarnErrorOptions(include=[], exclude=[])', 'static_parser': 'True', 'target_path': 'None', 'introspect': 'True', 'send_anonymous_usage_stats': 'True'}
[0m10:49:05.927179 [info ] [MainThread]: dbt version: 1.6.1
[0m10:49:05.928186 [info ] [MainThread]: python version: 3.9.16
[0m10:49:05.929189 [info ] [MainThread]: python path: C:\Users\PC\miniconda3\envs\myenv\python.exe
[0m10:49:05.930186 [info ] [MainThread]: os info: Windows-10-10.0.19045-SP0
[0m10:49:05.989186 [info ] [MainThread]: Using profiles dir at C:\Users\PC\.dbt
[0m10:49:05.990186 [info ] [MainThread]: Using profiles.yml file at C:\Users\PC\.dbt\profiles.yml
[0m10:49:05.991189 [info ] [MainThread]: Using dbt_project.yml file at C:\Users\PC\Desktop\DBT\dbt_project.yml
[0m10:49:05.993190 [info ] [MainThread]: Configuration:
[0m10:49:05.994232 [info ] [MainThread]:   profiles.yml file [[31mERROR invalid[0m]
[0m10:49:05.996187 [info ] [MainThread]:   dbt_project.yml file [[31mERROR not found[0m]
[0m10:49:05.997186 [info ] [MainThread]: Required dependencies:
[0m10:49:05.998186 [debug] [MainThread]: Executing "git --help"
[0m10:49:06.053186 [debug] [MainThread]: STDOUT: "b"usage: git [-v | --version] [-h | --help] [-C <path>] [-c <name>=<value>]\n           [--exec-path[=<path>]] [--html-path] [--man-path] [--info-path]\n           [-p | --paginate | -P | --no-pager] [--no-replace-objects] [--bare]\n           [--git-dir=<path>] [--work-tree=<path>] [--namespace=<name>]\n           [--config-env=<name>=<envvar>] <command> [<args>]\n\nThese are common Git commands used in various situations:\n\nstart a working area (see also: git help tutorial)\n   clone     Clone a repository into a new directory\n   init      Create an empty Git repository or reinitialize an existing one\n\nwork on the current change (see also: git help everyday)\n   add       Add file contents to the index\n   mv        Move or rename a file, a directory, or a symlink\n   restore   Restore working tree files\n   rm        Remove files from the working tree and from the index\n\nexamine the history and state (see also: git help revisions)\n   bisect    Use binary search to find the commit that introduced a bug\n   diff      Show changes between commits, commit and working tree, etc\n   grep      Print lines matching a pattern\n   log       Show commit logs\n   show      Show various types of objects\n   status    Show the working tree status\n\ngrow, mark and tweak your common history\n   branch    List, create, or delete branches\n   commit    Record changes to the repository\n   merge     Join two or more development histories together\n   rebase    Reapply commits on top of another base tip\n   reset     Reset current HEAD to the specified state\n   switch    Switch branches\n   tag       Create, list, delete or verify a tag object signed with GPG\n\ncollaborate (see also: git help workflows)\n   fetch     Download objects and refs from another repository\n   pull      Fetch from and integrate with another repository or a local branch\n   push      Update remote refs along with associated objects\n\n'git help -a' and 'git help -g' list available subcommands and some\nconcept guides. See 'git help <command>' or 'git help <concept>'\nto read about a specific subcommand or concept.\nSee 'git help git' for an overview of the system.\n""
[0m10:49:06.054189 [debug] [MainThread]: STDERR: "b''"
[0m10:49:06.055189 [info ] [MainThread]:  - git [[32mOK found[0m]

[0m10:49:06.056189 [info ] [MainThread]: Connection test skipped since no profile was found
[0m10:49:06.057191 [info ] [MainThread]: [31m2 checks failed:[0m
[0m10:49:06.058189 [info ] [MainThread]: Could not load dbt_project.yml
Profile loading failed for the following reason:
Runtime Error
  Credentials in profile "test_dbt", target "dev" invalid: 123 is not of type 'string'


[0m10:49:06.061192 [info ] [MainThread]: Project loading failed for the following reason:
 project path <C:\Users\PC\Desktop\DBT\dbt_project.yml> not found

[0m10:49:06.063189 [debug] [MainThread]: Command `dbt debug` failed at 10:49:06.063189 after 0.16 seconds
[0m10:49:06.064222 [debug] [MainThread]: Sending event: {'category': 'dbt', 'action': 'invocation', 'label': 'end', 'context': [<snowplow_tracker.self_describing_json.SelfDescribingJson object at 0x000002D6C48E9790>, <snowplow_tracker.self_describing_json.SelfDescribingJson object at 0x000002D6C919ED90>, <snowplow_tracker.self_describing_json.SelfDescribingJson object at 0x000002D6C9276130>]}
[0m10:49:06.064222 [debug] [MainThread]: Flushing usage events
[0m17:18:19.873337 [debug] [MainThread]: Sending event: {'category': 'dbt', 'action': 'invocation', 'label': 'start', 'context': [<snowplow_tracker.self_describing_json.SelfDescribingJson object at 0x000001FA67C1A790>, <snowplow_tracker.self_describing_json.SelfDescribingJson object at 0x000001FA6C4A8CD0>, <snowplow_tracker.self_describing_json.SelfDescribingJson object at 0x000001FA6C4A8A90>]}


============================== 17:18:19.877337 | 4f7c67e7-1e1a-46b9-8224-8ed5f390c080 ==============================
[0m17:18:19.877337 [info ] [MainThread]: Running with dbt=1.6.1
[0m17:18:19.878337 [debug] [MainThread]: running dbt with arguments {'printer_width': '80', 'indirect_selection': 'eager', 'write_json': 'True', 'log_cache_events': 'False', 'partial_parse': 'True', 'cache_selected_only': 'False', 'profiles_dir': 'C:\\Users\\PC\\.dbt', 'debug': 'False', 'warn_error': 'None', 'log_path': 'logs', 'version_check': 'True', 'fail_fast': 'False', 'use_colors': 'True', 'use_experimental_parser': 'False', 'no_print': 'None', 'quiet': 'False', 'log_format': 'default', 'introspect': 'True', 'static_parser': 'True', 'invocation_command': 'dbt run', 'target_path': 'None', 'warn_error_options': 'WarnErrorOptions(include=[], exclude=[])', 'send_anonymous_usage_stats': 'True'}
[0m17:18:19.879373 [error] [MainThread]: Encountered an error:
Runtime Error
  No dbt_project.yml found at expected path C:\Users\PC\Desktop\DBT\dbt_project.yml
  Verify that each entry within packages.yml (and their transitive dependencies) contains a file named dbt_project.yml
  
[0m17:18:19.880337 [debug] [MainThread]: Command `dbt run` failed at 17:18:19.880337 after 0.02 seconds
[0m17:18:19.881338 [debug] [MainThread]: Sending event: {'category': 'dbt', 'action': 'invocation', 'label': 'end', 'context': [<snowplow_tracker.self_describing_json.SelfDescribingJson object at 0x000001FA67C1A790>, <snowplow_tracker.self_describing_json.SelfDescribingJson object at 0x000001FA6C4D1DF0>, <snowplow_tracker.self_describing_json.SelfDescribingJson object at 0x000001FA6C4D1F40>]}
[0m17:18:19.881338 [debug] [MainThread]: Flushing usage events
