[0m10:04:39.224316 [debug] [MainThread]: Sending event: {'category': 'dbt', 'action': 'invocation', 'label': 'start', 'context': [<snowplow_tracker.self_describing_json.SelfDescribingJson object at 0x00000190DA1A9490>, <snowplow_tracker.self_describing_json.SelfDescribingJson object at 0x00000190DCA206A0>, <snowplow_tracker.self_describing_json.SelfDescribingJson object at 0x00000190DCA20400>]}


============================== 10:04:39.228313 | 66ab3163-870e-41a9-ab5b-23a536f1bf22 ==============================
[0m10:04:39.228313 [info ] [MainThread]: Running with dbt=1.6.5
[0m10:04:39.229316 [debug] [MainThread]: running dbt with arguments {'printer_width': '80', 'indirect_selection': 'eager', 'log_cache_events': 'False', 'write_json': 'True', 'partial_parse': 'True', 'cache_selected_only': 'False', 'profiles_dir': 'C:\\Users\\PC\\Desktop\\New folder (4)\\dbt', 'debug': 'False', 'version_check': 'True', 'log_path': 'logs', 'warn_error': 'None', 'fail_fast': 'False', 'use_colors': 'True', 'use_experimental_parser': 'False', 'no_print': 'None', 'quiet': 'False', 'log_format': 'default', 'invocation_command': 'dbt init demonstration_mathdatasimplified', 'introspect': 'True', 'warn_error_options': 'WarnErrorOptions(include=[], exclude=[])', 'target_path': 'None', 'static_parser': 'True', 'send_anonymous_usage_stats': 'True'}
[0m10:04:39.231316 [debug] [MainThread]: Starter project path: C:\Users\PC\miniconda3\envs\great_expectations\lib\site-packages\dbt\include\starter_project
[0m10:04:39.248314 [info ] [MainThread]: 
Your new dbt project "demonstration_mathdatasimplified" was created!

For more information on how to configure the profiles.yml file,
please consult the dbt documentation here:

  https://docs.getdbt.com/docs/configure-your-profile

One more thing:

Need help? Don't hesitate to reach out to us via GitHub issues or on Slack:

  https://community.getdbt.com/

Happy modeling!

[0m10:04:39.251315 [info ] [MainThread]: Setting up your profile.
[0m10:04:45.170015 [debug] [MainThread]: Command `dbt init` succeeded at 10:04:45.170015 after 5.97 seconds
[0m10:04:45.171014 [debug] [MainThread]: Sending event: {'category': 'dbt', 'action': 'invocation', 'label': 'end', 'context': [<snowplow_tracker.self_describing_json.SelfDescribingJson object at 0x00000190DA1A9490>, <snowplow_tracker.self_describing_json.SelfDescribingJson object at 0x00000190DCA206A0>, <snowplow_tracker.self_describing_json.SelfDescribingJson object at 0x00000190DCAFA250>]}
[0m10:04:45.171014 [debug] [MainThread]: Flushing usage events
[0m10:54:52.580694 [debug] [MainThread]: Sending event: {'category': 'dbt', 'action': 'invocation', 'label': 'start', 'context': [<snowplow_tracker.self_describing_json.SelfDescribingJson object at 0x000002936210B460>, <snowplow_tracker.self_describing_json.SelfDescribingJson object at 0x0000029364987670>, <snowplow_tracker.self_describing_json.SelfDescribingJson object at 0x00000293649875E0>]}


============================== 10:54:52.585696 | 20d88fcc-b383-4a59-8f57-0544bc586951 ==============================
[0m10:54:52.585696 [info ] [MainThread]: Running with dbt=1.6.5
[0m10:54:52.586696 [debug] [MainThread]: running dbt with arguments {'printer_width': '80', 'indirect_selection': 'eager', 'log_cache_events': 'False', 'write_json': 'True', 'partial_parse': 'True', 'cache_selected_only': 'False', 'warn_error': 'None', 'fail_fast': 'False', 'debug': 'False', 'log_path': 'logs', 'version_check': 'True', 'profiles_dir': 'C:\\Users\\PC\\Desktop\\tmp\\dbt', 'use_colors': 'True', 'use_experimental_parser': 'False', 'no_print': 'None', 'quiet': 'False', 'log_format': 'default', 'invocation_command': 'dbt init demonstration_mathdatasimplified', 'warn_error_options': 'WarnErrorOptions(include=[], exclude=[])', 'introspect': 'True', 'target_path': 'None', 'static_parser': 'True', 'send_anonymous_usage_stats': 'True'}
[0m10:54:52.588696 [debug] [MainThread]: Starter project path: C:\Users\PC\miniconda3\envs\great_expectations\lib\site-packages\dbt\include\starter_project
[0m10:54:52.608696 [info ] [MainThread]: 
Your new dbt project "demonstration_mathdatasimplified" was created!

For more information on how to configure the profiles.yml file,
please consult the dbt documentation here:

  https://docs.getdbt.com/docs/configure-your-profile

One more thing:

Need help? Don't hesitate to reach out to us via GitHub issues or on Slack:

  https://community.getdbt.com/

Happy modeling!

[0m10:54:52.610691 [info ] [MainThread]: Setting up your profile.
[0m10:55:17.530215 [debug] [MainThread]: Command `dbt init` succeeded at 10:55:17.530215 after 24.98 seconds
[0m10:55:17.531219 [debug] [MainThread]: Sending event: {'category': 'dbt', 'action': 'invocation', 'label': 'end', 'context': [<snowplow_tracker.self_describing_json.SelfDescribingJson object at 0x000002936210B460>, <snowplow_tracker.self_describing_json.SelfDescribingJson object at 0x0000029364987670>, <snowplow_tracker.self_describing_json.SelfDescribingJson object at 0x0000029364A65250>]}
[0m10:55:17.531219 [debug] [MainThread]: Flushing usage events
[0m10:55:18.378179 [debug] [MainThread]: Error sending anonymous usage statistics. Disabling tracking for this execution. If you wish to permanently disable tracking, see: https://docs.getdbt.com/reference/global-configs#send-anonymous-usage-stats.
